<?xml version="1.0" encoding="UTF-8"?>
<!-- Generated by org.testng.reporters.JUnitXMLReporter -->
<testsuite ignored="0" hostname="DESKTOP-EJEPVVN" failures="0" tests="9" name=" Chrome Test" time="207.953" errors="0" timestamp="2024-07-06T13:40:42 IST">
  <testcase classname="test.ViewProductDeatilsTest" name="@BeforeMethod openApplication" time="11.636">
    <failure type="org.openqa.selenium.SessionNotCreatedException" message="Could not start a new session. Response code 500. Message: disconnected: received Inspector.detached event
  (failed to check if window was closed: disconnected: not connected to DevTools)
  (Session info: MicrosoftEdge=126.0.2592.87) 
Host info: host: &amp;apos;DESKTOP-EJEPVVN&amp;apos;, ip: &amp;apos;192.168.1.7&amp;apos;
Build info: version: &amp;apos;4.21.0&amp;apos;, revision: &amp;apos;79ed462ef4&amp;apos;
System info: os.name: &amp;apos;Windows 10&amp;apos;, os.arch: &amp;apos;amd64&amp;apos;, os.version: &amp;apos;10.0&amp;apos;, java.version: &amp;apos;21.0.2&amp;apos;
Driver info: org.openqa.selenium.edge.EdgeDriver
Command: [null, newSession {capabilities=[Capabilities {browserName: MicrosoftEdge, ms:edgeOptions: {args: [], binary: C:\Program Files (x86)\Micr..., extensions: []}}]}]">
      <![CDATA[org.openqa.selenium.SessionNotCreatedException: Could not start a new session. Response code 500. Message: disconnected: received Inspector.detached event
  (failed to check if window was closed: disconnected: not connected to DevTools)
  (Session info: MicrosoftEdge=126.0.2592.87) 
Host info: host: 'DESKTOP-EJEPVVN', ip: '192.168.1.7'
Build info: version: '4.21.0', revision: '79ed462ef4'
System info: os.name: 'Windows 10', os.arch: 'amd64', os.version: '10.0', java.version: '21.0.2'
Driver info: org.openqa.selenium.edge.EdgeDriver
Command: [null, newSession {capabilities=[Capabilities {browserName: MicrosoftEdge, ms:edgeOptions: {args: [], binary: C:\Program Files (x86)\Micr..., extensions: []}}]}]
at org.openqa.selenium.remote.ProtocolHandshake.createSession(ProtocolHandshake.java:114)
at org.openqa.selenium.remote.ProtocolHandshake.createSession(ProtocolHandshake.java:75)
at org.openqa.selenium.remote.ProtocolHandshake.createSession(ProtocolHandshake.java:61)
at org.openqa.selenium.remote.HttpCommandExecutor.execute(HttpCommandExecutor.java:162)
at org.openqa.selenium.remote.service.DriverCommandExecutor.invokeExecute(DriverCommandExecutor.java:216)
at org.openqa.selenium.remote.service.DriverCommandExecutor.execute(DriverCommandExecutor.java:174)
at org.openqa.selenium.remote.RemoteWebDriver.execute(RemoteWebDriver.java:518)
at org.openqa.selenium.remote.RemoteWebDriver.startSession(RemoteWebDriver.java:232)
at org.openqa.selenium.remote.RemoteWebDriver.<init>(RemoteWebDriver.java:161)
at org.openqa.selenium.chromium.ChromiumDriver.<init>(ChromiumDriver.java:114)
at org.openqa.selenium.edge.EdgeDriver.<init>(EdgeDriver.java:60)
at org.openqa.selenium.edge.EdgeDriver.<init>(EdgeDriver.java:56)
at org.openqa.selenium.edge.EdgeDriver.<init>(EdgeDriver.java:48)
at org.openqa.selenium.edge.EdgeDriver.<init>(EdgeDriver.java:44)
at pojo.Browser.launchApplication(Browser.java:21)
at test.ViewProductDeatilsTest.openApplication(ViewProductDeatilsTest.java:21)
at java.base/java.util.ArrayList.forEach(ArrayList.java:1596)
... Removed 29 stack frames]]>
    </failure>
  </testcase> <!-- @BeforeMethod openApplication -->
  <testcase classname="test.ViewProductDeatilsTest" name="@BeforeMethod openApplication" time="0.0">
    <skipped/>
  </testcase> <!-- @BeforeMethod openApplication -->
  <testcase classname="test.CartTest" name="VerifyAddProductFromOrderDetails" time="7.56"/>
  <testcase classname="test.CartTest" name="VerifyIfUserIsAbleToProceedCheckout" time="38.565"/>
  <testcase classname="test.ProductSearchTest" name="VerifyIfUserisAbletoClickOnlogin" time="0.155"/>
  <testcase classname="test.ProductSearchTest" name="VerifyIfUserisAbletoDisplayShoppingcatagories" time="0.264"/>
  <testcase classname="test.ProductSearchTest" name="VerifyIfUserisAbletoSearchProduct" time="2.664"/>
  <testcase classname="test.ProductSearchTest" name="VerifyIfUserisClickOnAddCart" time="0.541"/>
  <testcase classname="test.ProductSearchTest" name="VerifyIfUserisClickOnTrackOrder" time="1.927"/>
  <testcase classname="test.ViewProductDeatilsTest" name="addproducttocart" time="0.003">
    <skipped/>
  </testcase> <!-- addproducttocart -->
  <testcase classname="test.ViewProductDeatilsTest" name="verifyIfUserIsViewProductDetailsFromQuickView" time="0.0">
    <skipped/>
  </testcase> <!-- verifyIfUserIsViewProductDetailsFromQuickView -->
</testsuite> <!--  Chrome Test -->
